2023-11-06 17:22:00 error: uncaughtException: listen EADDRINUSE: address already in use :::3000
Error: listen EADDRINUSE: address already in use :::3000
    at Server.setupListenHandle [as _listen2] (node:net:1872:16)
    at listenInCluster (node:net:1920:12)
    at Server.listen (node:net:2008:7)
    at Function.listen (F:\adil\assignments\chat-bot\node_modules\express\lib\application.js:635:24)
    at App.listen (F:\adil\assignments\chat-bot\src\app.ts:35:14)
    at Object.<anonymous> (F:\adil\assignments\chat-bot\src\server.ts:11:5)
    at Module._compile (node:internal/modules/cjs/loader:1241:14)
    at Module.m._compile (F:\adil\assignments\chat-bot\node_modules\ts-node\src\index.ts:1618:23)
    at Module._extensions..js (node:internal/modules/cjs/loader:1295:10)
    at Object.require.extensions.<computed> [as .ts] (F:\adil\assignments\chat-bot\node_modules\ts-node\src\index.ts:1621:12)
    at Module.load (node:internal/modules/cjs/loader:1091:32)
    at Function.Module._load (node:internal/modules/cjs/loader:938:12)
    at Function.executeUserEntryPoint [as runMain] (node:internal/modules/run_main:83:12)
    at phase4 (F:\adil\assignments\chat-bot\node_modules\ts-node\src\bin.ts:649:14)
    at bootstrap (F:\adil\assignments\chat-bot\node_modules\ts-node\src\bin.ts:95:10)
    at main (F:\adil\assignments\chat-bot\node_modules\ts-node\src\bin.ts:55:10)
2023-11-06 17:23:22 error: uncaughtException: (no error message)
MongooseServerSelectionError
    at NativeConnection.Connection.openUri (F:\adil\assignments\chat-bot\node_modules\mongoose\lib\connection.js:847:32)
    at F:\adil\assignments\chat-bot\node_modules\mongoose\lib\index.js:351:10
    at F:\adil\assignments\chat-bot\node_modules\mongoose\lib\helpers\promiseOrCallback.js:32:5
    at new Promise (<anonymous>)
    at promiseOrCallback (F:\adil\assignments\chat-bot\node_modules\mongoose\lib\helpers\promiseOrCallback.js:31:10)
    at Mongoose._promiseOrCallback (F:\adil\assignments\chat-bot\node_modules\mongoose\lib\index.js:1149:10)
    at Mongoose.connect (F:\adil\assignments\chat-bot\node_modules\mongoose\lib\index.js:350:20)
    at App.connectToDatabase (F:\adil\assignments\chat-bot\src\app.ts:52:12)
    at new App (F:\adil\assignments\chat-bot\src\app.ts:27:10)
    at Object.<anonymous> (F:\adil\assignments\chat-bot\src\server.ts:9:13)
    at Module._compile (node:internal/modules/cjs/loader:1241:14)
    at Module.m._compile (F:\adil\assignments\chat-bot\node_modules\ts-node\src\index.ts:1618:23)
    at Module._extensions..js (node:internal/modules/cjs/loader:1295:10)
    at Object.require.extensions.<computed> [as .ts] (F:\adil\assignments\chat-bot\node_modules\ts-node\src\index.ts:1621:12)
    at Module.load (node:internal/modules/cjs/loader:1091:32)
    at Function.Module._load (node:internal/modules/cjs/loader:938:12)
